class FeatureConfig:

    LOG_MODE = 'brief'

    STANDARD_SEQ_LEN = 28 * 28

    USING_FEATURES = {
        'seq_length_property': True,
        'verified_property': True,
        'global_property': True
    }

    CUT_METHOD = 'cut_head'
    # CUT_METHOD = 'cut_tail'
    # CUT_METHOD = 'cut_both'

    PROPERTIES = [
        {"name": "kdHydrophobicity",    "check": True},
        {"name": "wwHydrophobicity",    "check": 0},
        {"name": "hhHydrophobicity",    "check": 0},
        {"name": "mfHydrophobicity",    "check": 0},
        {"name": "ttHydrophobicity",    "check": 0},
        {"name": "Side Chain Polarity", "check": 0},
        {"name": "Side Chain Acidity",  "check": 0},
        {"name": "Isoelectric Point",   "check": 0},
        {"name": "Charge",              "check": 0},
        {"name": "pKa, NH2",            "check": 0},
        {"name": "pKa, COOH",           "check": 0},
        {"name": "Solubility",          "check": 0}
    ]
